<?xml version="1.0" encoding="UTF-8"?>
<!-- Generated by org.testng.reporters.JUnitReportReporter -->
<testsuite hostname="LAPTOP-5RRVIRMR" failures="0" tests="1" name="com.test.signUpTest" time="42.570" errors="0" timestamp="2023-02-04T02:50:56 IST" skipped="0">
  <testcase classname="com.test.signUpTest" name="VeriFySuccessFullUserLogin" time="42.570"/>
  <system-out/>
</testsuite> <!-- com.test.signUpTest -->
