<?xml version="1.0" encoding="UTF-8"?>
<!-- Generated by org.testng.reporters.JUnitReportReporter -->
<testsuite hostname="LAPTOP-5RRVIRMR" failures="0" tests="1" name="com.test.SignUpTest" time="8.592" errors="0" timestamp="2023-06-02T23:54:58 IST" skipped="0">
  <testcase classname="com.test.SignUpTest" name="VeriFySuccessFullUserLogin" time="8.592"/>
  <system-out/>
</testsuite> <!-- com.test.SignUpTest -->
