<?xml version="1.0" encoding="UTF-8"?>
<!-- Generated by org.testng.reporters.JUnitReportReporter -->
<testsuite hostname="LAPTOP-5RRVIRMR" failures="0" tests="1" name="com.test.HomeTest" time="9.851" errors="0" timestamp="2023-03-11T20:04:02 IST" skipped="0">
  <testcase classname="com.test.HomeTest" name="VeriFySuccessFullUserLogin" time="9.851"/>
  <system-out/>
</testsuite> <!-- com.test.HomeTest -->
