<?xml version="1.0" encoding="UTF-8"?>
<!-- Generated by org.testng.reporters.JUnitReportReporter -->
<testsuite hostname="LAPTOP-5RRVIRMR" failures="0" tests="1" name="com.test.loginTest" time="18.202" errors="0" timestamp="2023-02-04T00:33:39 IST" skipped="0">
  <testcase classname="com.test.loginTest" name="VeriFySuccessFullUserLogin" time="18.202"/>
  <system-out/>
</testsuite> <!-- com.test.loginTest -->
