<?xml version="1.0" encoding="UTF-8"?>
<!-- Generated by org.testng.reporters.JUnitReportReporter -->
<testsuite hostname="LAPTOP-5RRVIRMR" failures="0" tests="1" name="com.test.LoginTest" time="11.165" errors="0" timestamp="2023-06-03T00:12:57 IST" skipped="0">
  <testcase classname="com.test.LoginTest" name="VeriFySuccessFullUserLogin" time="11.165"/>
  <system-out/>
</testsuite> <!-- com.test.LoginTest -->
