<?xml version="1.0" encoding="UTF-8"?>
<!-- Generated by org.testng.reporters.JUnitReportReporter -->
<testsuite hostname="LAPTOP-5RRVIRMR" failures="0" tests="1" name="com.test.LoginTest" time="30.341" errors="0" timestamp="2023-03-09T14:54:08 IST" skipped="0">
  <testcase classname="com.test.LoginTest" name="VeriFySuccessFullUserLogin" time="30.341"/>
  <system-out/>
</testsuite> <!-- com.test.LoginTest -->
