<?xml version="1.0" encoding="UTF-8"?>
<!-- Generated by org.testng.reporters.JUnitReportReporter -->
<testsuite hostname="LAPTOP-5RRVIRMR" failures="0" tests="1" name="com.test.SignUpTest" time="8.179" errors="0" timestamp="2023-03-09T14:50:47 IST" skipped="0">
  <testcase classname="com.test.SignUpTest" name="VeriFySuccessFullUserLogin" time="8.179"/>
  <system-out/>
</testsuite> <!-- com.test.SignUpTest -->
