<?xml version="1.0" encoding="UTF-8"?>
<!-- Generated by org.testng.reporters.JUnitReportReporter -->
<testsuite hostname="LAPTOP-5RRVIRMR" failures="0" tests="1" name="com.test.SignUpTest" time="7.897" errors="0" timestamp="2023-03-06T17:46:27 IST" skipped="0">
  <testcase classname="com.test.SignUpTest" name="VeriFySuccessFullUserLogin" time="7.897"/>
  <system-out/>
</testsuite> <!-- com.test.SignUpTest -->
