<?xml version="1.0" encoding="UTF-8"?>
<!-- Generated by org.testng.reporters.JUnitReportReporter -->
<testsuite hostname="LAPTOP-5RRVIRMR" failures="0" tests="3" name="com.test.FindFriendsTest2" time="21.877" errors="0" timestamp="2023-02-18T22:32:36 IST" skipped="0">
  <testcase classname="com.test.FindFriendsTest2" name="TC004" time="10.234"/>
  <system-out/>
  <testcase classname="com.test.FindFriendsTest2" name="TC005" time="6.191"/>
  <system-out/>
  <testcase classname="com.test.FindFriendsTest2" name="TC006" time="5.452"/>
  <system-out/>
</testsuite> <!-- com.test.FindFriendsTest2 -->
