<?xml version="1.0" encoding="UTF-8"?>
<!-- Generated by org.testng.reporters.JUnitReportReporter -->
<testsuite hostname="LAPTOP-5RRVIRMR" failures="0" tests="1" name="com.test.HomeTest" time="11.234" errors="0" timestamp="2023-03-06T17:51:50 IST" skipped="0">
  <testcase classname="com.test.HomeTest" name="VeriFySuccessFullUserLogin" time="11.234"/>
  <system-out/>
</testsuite> <!-- com.test.HomeTest -->
