<?xml version="1.0" encoding="UTF-8"?>
<!-- Generated by org.testng.reporters.JUnitReportReporter -->
<testsuite hostname="LAPTOP-5RRVIRMR" failures="0" tests="1" name="com.test.FindFriendsTest" time="8.522" errors="0" timestamp="2023-03-03T23:33:07 IST" skipped="0">
  <testcase classname="com.test.FindFriendsTest" name="VeriFySuccessFullUserLogin" time="8.522"/>
  <system-out/>
</testsuite> <!-- com.test.FindFriendsTest -->
