<?xml version="1.0" encoding="UTF-8"?>
<!-- Generated by org.testng.reporters.JUnitReportReporter -->
<testsuite hostname="LAPTOP-5RRVIRMR" failures="0" tests="1" name="com.test.FindFriendsTest" time="11.780" errors="0" timestamp="2023-03-08T15:20:37 IST" skipped="0">
  <testcase classname="com.test.FindFriendsTest" name="VeriFySuccessFullUserLogin" time="11.780"/>
  <system-out/>
</testsuite> <!-- com.test.FindFriendsTest -->
